{"/home/mhung/projects/receipt-processor-challenge/app.js": {"path":"/home/mhung/projects/receipt-processor-challenge/app.js","all":false,"statementMap":{"0":{"start":{"line":1,"column":0},"end":{"line":1,"column":30}},"4":{"start":{"line":5,"column":0},"end":{"line":5,"column":22}},"5":{"start":{"line":6,"column":0},"end":{"line":6,"column":38}},"7":{"start":{"line":8,"column":0},"end":{"line":8,"column":24}},"8":{"start":{"line":9,"column":0},"end":{"line":9,"column":16}},"10":{"start":{"line":11,"column":0},"end":{"line":11,"column":27}},"12":{"start":{"line":13,"column":0},"end":{"line":13,"column":30}},"13":{"start":{"line":14,"column":0},"end":{"line":14,"column":35}},"14":{"start":{"line":15,"column":0},"end":{"line":15,"column":13}},"15":{"start":{"line":16,"column":0},"end":{"line":16,"column":16}},"16":{"start":{"line":17,"column":0},"end":{"line":17,"column":12}},"17":{"start":{"line":18,"column":0},"end":{"line":18,"column":25}},"18":{"start":{"line":19,"column":0},"end":{"line":19,"column":4}},"19":{"start":{"line":20,"column":0},"end":{"line":20,"column":5}},"21":{"start":{"line":22,"column":0},"end":{"line":22,"column":51}},"22":{"start":{"line":23,"column":0},"end":{"line":23,"column":27}},"23":{"start":{"line":24,"column":0},"end":{"line":24,"column":51}},"24":{"start":{"line":25,"column":0},"end":{"line":25,"column":24}},"25":{"start":{"line":26,"column":0},"end":{"line":26,"column":33}},"26":{"start":{"line":27,"column":0},"end":{"line":27,"column":53}},"27":{"start":{"line":28,"column":0},"end":{"line":28,"column":10}},"28":{"start":{"line":29,"column":0},"end":{"line":29,"column":9}},"29":{"start":{"line":30,"column":0},"end":{"line":30,"column":52}},"30":{"start":{"line":31,"column":0},"end":{"line":31,"column":33}},"32":{"start":{"line":33,"column":0},"end":{"line":33,"column":24}},"33":{"start":{"line":34,"column":0},"end":{"line":34,"column":31}},"34":{"start":{"line":35,"column":0},"end":{"line":35,"column":28}},"36":{"start":{"line":37,"column":0},"end":{"line":37,"column":35}},"37":{"start":{"line":38,"column":0},"end":{"line":38,"column":19}},"38":{"start":{"line":39,"column":0},"end":{"line":39,"column":55}},"39":{"start":{"line":40,"column":0},"end":{"line":40,"column":5}},"40":{"start":{"line":41,"column":0},"end":{"line":41,"column":3}},"42":{"start":{"line":43,"column":0},"end":{"line":43,"column":2}},"44":{"start":{"line":45,"column":0},"end":{"line":45,"column":47}},"45":{"start":{"line":46,"column":0},"end":{"line":46,"column":27}},"46":{"start":{"line":47,"column":0},"end":{"line":47,"column":24}},"47":{"start":{"line":48,"column":0},"end":{"line":48,"column":39}},"48":{"start":{"line":49,"column":0},"end":{"line":49,"column":42}},"50":{"start":{"line":51,"column":0},"end":{"line":51,"column":21}},"51":{"start":{"line":52,"column":0},"end":{"line":52,"column":68}},"52":{"start":{"line":53,"column":0},"end":{"line":53,"column":10}},"53":{"start":{"line":54,"column":0},"end":{"line":54,"column":50}},"54":{"start":{"line":55,"column":0},"end":{"line":55,"column":3}},"56":{"start":{"line":57,"column":0},"end":{"line":57,"column":2}},"58":{"start":{"line":59,"column":0},"end":{"line":59,"column":24}},"59":{"start":{"line":60,"column":0},"end":{"line":60,"column":50}},"60":{"start":{"line":61,"column":0},"end":{"line":61,"column":2}}},"s":{"0":1,"4":1,"5":1,"7":1,"8":1,"10":1,"12":1,"13":1,"14":1,"15":1,"16":5,"17":5,"18":1,"19":1,"21":1,"22":7,"23":7,"24":7,"25":2,"26":2,"27":7,"28":5,"29":5,"30":5,"32":5,"33":5,"34":5,"36":5,"37":5,"38":0,"39":0,"40":5,"42":7,"44":1,"45":2,"46":2,"47":2,"48":2,"50":2,"51":1,"52":1,"53":1,"54":1,"56":2,"58":1,"59":1,"60":1},"branchMap":{"0":{"type":"branch","line":13,"loc":{"start":{"line":13,"column":23},"end":{"line":20,"column":2}},"locations":[{"start":{"line":13,"column":23},"end":{"line":20,"column":2}}]},"1":{"type":"branch","line":16,"loc":{"start":{"line":16,"column":9},"end":{"line":19,"column":3}},"locations":[{"start":{"line":16,"column":9},"end":{"line":19,"column":3}}]},"2":{"type":"branch","line":22,"loc":{"start":{"line":22,"column":30},"end":{"line":43,"column":2}},"locations":[{"start":{"line":22,"column":30},"end":{"line":43,"column":2}}]},"3":{"type":"branch","line":25,"loc":{"start":{"line":25,"column":23},"end":{"line":28,"column":3}},"locations":[{"start":{"line":25,"column":23},"end":{"line":28,"column":3}}]},"4":{"type":"branch","line":28,"loc":{"start":{"line":28,"column":3},"end":{"line":41,"column":3}},"locations":[{"start":{"line":28,"column":3},"end":{"line":41,"column":3}}]},"5":{"type":"branch","line":38,"loc":{"start":{"line":38,"column":6},"end":{"line":40,"column":5}},"locations":[{"start":{"line":38,"column":6},"end":{"line":40,"column":5}}]},"6":{"type":"branch","line":45,"loc":{"start":{"line":45,"column":32},"end":{"line":57,"column":2}},"locations":[{"start":{"line":45,"column":32},"end":{"line":57,"column":2}}]},"7":{"type":"branch","line":51,"loc":{"start":{"line":51,"column":20},"end":{"line":55,"column":3}},"locations":[{"start":{"line":51,"column":20},"end":{"line":55,"column":3}}]},"8":{"type":"branch","line":59,"loc":{"start":{"line":59,"column":17},"end":{"line":61,"column":2}},"locations":[{"start":{"line":59,"column":17},"end":{"line":61,"column":2}}]}},"b":{"0":[1],"1":[5],"2":[7],"3":[2],"4":[5],"5":[0],"6":[2],"7":[1],"8":[1]},"fnMap":{},"f":{}}
,"/home/mhung/projects/receipt-processor-challenge/points-calculator.js": {"path":"/home/mhung/projects/receipt-processor-challenge/points-calculator.js","all":false,"statementMap":{"0":{"start":{"line":1,"column":0},"end":{"line":1,"column":22}},"1":{"start":{"line":2,"column":0},"end":{"line":2,"column":15}},"2":{"start":{"line":3,"column":0},"end":{"line":3,"column":18}},"3":{"start":{"line":4,"column":0},"end":{"line":4,"column":22}},"4":{"start":{"line":5,"column":0},"end":{"line":5,"column":21}},"5":{"start":{"line":6,"column":0},"end":{"line":6,"column":27}},"6":{"start":{"line":7,"column":0},"end":{"line":7,"column":14}},"7":{"start":{"line":8,"column":0},"end":{"line":8,"column":23}},"8":{"start":{"line":9,"column":0},"end":{"line":9,"column":1}},"10":{"start":{"line":11,"column":0},"end":{"line":11,"column":47}},"11":{"start":{"line":12,"column":0},"end":{"line":12,"column":31}},"12":{"start":{"line":13,"column":0},"end":{"line":13,"column":71}},"13":{"start":{"line":14,"column":0},"end":{"line":14,"column":1}},"15":{"start":{"line":16,"column":0},"end":{"line":16,"column":34}},"16":{"start":{"line":17,"column":0},"end":{"line":17,"column":54}},"17":{"start":{"line":18,"column":0},"end":{"line":18,"column":1}},"19":{"start":{"line":20,"column":0},"end":{"line":20,"column":37}},"20":{"start":{"line":21,"column":0},"end":{"line":21,"column":61}},"21":{"start":{"line":22,"column":0},"end":{"line":22,"column":1}},"23":{"start":{"line":24,"column":0},"end":{"line":24,"column":36}},"24":{"start":{"line":25,"column":0},"end":{"line":25,"column":65}},"25":{"start":{"line":26,"column":0},"end":{"line":26,"column":1}},"27":{"start":{"line":28,"column":0},"end":{"line":28,"column":39}},"28":{"start":{"line":29,"column":0},"end":{"line":29,"column":10}},"29":{"start":{"line":30,"column":0},"end":{"line":30,"column":33}},"30":{"start":{"line":31,"column":0},"end":{"line":31,"column":124}},"31":{"start":{"line":32,"column":0},"end":{"line":32,"column":8}},"32":{"start":{"line":33,"column":0},"end":{"line":33,"column":3}},"33":{"start":{"line":34,"column":0},"end":{"line":34,"column":1}},"35":{"start":{"line":36,"column":0},"end":{"line":36,"column":30}},"36":{"start":{"line":37,"column":0},"end":{"line":37,"column":36}},"37":{"start":{"line":38,"column":0},"end":{"line":38,"column":35}},"38":{"start":{"line":39,"column":0},"end":{"line":39,"column":51}},"39":{"start":{"line":40,"column":0},"end":{"line":40,"column":1}},"41":{"start":{"line":42,"column":0},"end":{"line":42,"column":39}},"42":{"start":{"line":43,"column":0},"end":{"line":43,"column":36}},"43":{"start":{"line":44,"column":0},"end":{"line":44,"column":36}},"44":{"start":{"line":45,"column":0},"end":{"line":45,"column":71}},"45":{"start":{"line":46,"column":0},"end":{"line":46,"column":1}},"47":{"start":{"line":48,"column":0},"end":{"line":48,"column":41}},"48":{"start":{"line":49,"column":0},"end":{"line":49,"column":66}},"49":{"start":{"line":50,"column":0},"end":{"line":50,"column":38}},"51":{"start":{"line":52,"column":0},"end":{"line":52,"column":7}},"52":{"start":{"line":53,"column":0},"end":{"line":53,"column":23}},"53":{"start":{"line":54,"column":0},"end":{"line":54,"column":44}},"54":{"start":{"line":55,"column":0},"end":{"line":55,"column":31}},"55":{"start":{"line":56,"column":0},"end":{"line":56,"column":34}},"56":{"start":{"line":57,"column":0},"end":{"line":57,"column":37}},"57":{"start":{"line":58,"column":0},"end":{"line":58,"column":36}},"58":{"start":{"line":59,"column":0},"end":{"line":59,"column":35}},"59":{"start":{"line":60,"column":0},"end":{"line":60,"column":42}},"60":{"start":{"line":61,"column":0},"end":{"line":61,"column":5}},"62":{"start":{"line":63,"column":0},"end":{"line":63,"column":23}},"63":{"start":{"line":64,"column":0},"end":{"line":64,"column":17}},"64":{"start":{"line":65,"column":0},"end":{"line":65,"column":53}},"65":{"start":{"line":66,"column":0},"end":{"line":66,"column":3}},"66":{"start":{"line":67,"column":0},"end":{"line":67,"column":1}}},"s":{"0":1,"1":1,"2":1,"3":1,"4":1,"5":1,"6":1,"7":1,"8":1,"10":9,"11":9,"12":9,"13":9,"15":9,"16":9,"17":9,"19":9,"20":9,"21":9,"23":9,"24":9,"25":9,"27":9,"28":9,"29":9,"30":20,"31":9,"32":9,"33":9,"35":9,"36":9,"37":9,"38":9,"39":9,"41":9,"42":9,"43":9,"44":9,"45":9,"47":9,"48":9,"49":9,"51":9,"52":9,"53":9,"54":9,"55":9,"56":9,"57":9,"58":9,"59":9,"60":9,"62":9,"63":9,"64":0,"65":0,"66":9},"branchMap":{"0":{"type":"branch","line":11,"loc":{"start":{"line":11,"column":0},"end":{"line":14,"column":1}},"locations":[{"start":{"line":11,"column":0},"end":{"line":14,"column":1}}]},"1":{"type":"branch","line":13,"loc":{"start":{"line":13,"column":32},"end":{"line":13,"column":37}},"locations":[{"start":{"line":13,"column":32},"end":{"line":13,"column":37}}]},"2":{"type":"branch","line":16,"loc":{"start":{"line":16,"column":0},"end":{"line":18,"column":1}},"locations":[{"start":{"line":16,"column":0},"end":{"line":18,"column":1}}]},"3":{"type":"branch","line":17,"loc":{"start":{"line":17,"column":23},"end":{"line":17,"column":26}},"locations":[{"start":{"line":17,"column":23},"end":{"line":17,"column":26}}]},"4":{"type":"branch","line":17,"loc":{"start":{"line":17,"column":27},"end":{"line":17,"column":53}},"locations":[{"start":{"line":17,"column":27},"end":{"line":17,"column":53}}]},"5":{"type":"branch","line":20,"loc":{"start":{"line":20,"column":0},"end":{"line":22,"column":1}},"locations":[{"start":{"line":20,"column":0},"end":{"line":22,"column":1}}]},"6":{"type":"branch","line":21,"loc":{"start":{"line":21,"column":26},"end":{"line":21,"column":29}},"locations":[{"start":{"line":21,"column":26},"end":{"line":21,"column":29}}]},"7":{"type":"branch","line":21,"loc":{"start":{"line":21,"column":30},"end":{"line":21,"column":60}},"locations":[{"start":{"line":21,"column":30},"end":{"line":21,"column":60}}]},"8":{"type":"branch","line":24,"loc":{"start":{"line":24,"column":0},"end":{"line":26,"column":1}},"locations":[{"start":{"line":24,"column":0},"end":{"line":26,"column":1}}]},"9":{"type":"branch","line":28,"loc":{"start":{"line":28,"column":0},"end":{"line":34,"column":1}},"locations":[{"start":{"line":28,"column":0},"end":{"line":34,"column":1}}]},"10":{"type":"branch","line":30,"loc":{"start":{"line":30,"column":17},"end":{"line":31,"column":124}},"locations":[{"start":{"line":30,"column":17},"end":{"line":31,"column":124}}]},"11":{"type":"branch","line":31,"loc":{"start":{"line":31,"column":70},"end":{"line":31,"column":73}},"locations":[{"start":{"line":31,"column":70},"end":{"line":31,"column":73}}]},"12":{"type":"branch","line":31,"loc":{"start":{"line":31,"column":74},"end":{"line":31,"column":123}},"locations":[{"start":{"line":31,"column":74},"end":{"line":31,"column":123}}]},"13":{"type":"branch","line":36,"loc":{"start":{"line":36,"column":0},"end":{"line":40,"column":1}},"locations":[{"start":{"line":36,"column":0},"end":{"line":40,"column":1}}]},"14":{"type":"branch","line":39,"loc":{"start":{"line":39,"column":23},"end":{"line":39,"column":26}},"locations":[{"start":{"line":39,"column":23},"end":{"line":39,"column":26}}]},"15":{"type":"branch","line":39,"loc":{"start":{"line":39,"column":27},"end":{"line":39,"column":50}},"locations":[{"start":{"line":39,"column":27},"end":{"line":39,"column":50}}]},"16":{"type":"branch","line":42,"loc":{"start":{"line":42,"column":0},"end":{"line":46,"column":1}},"locations":[{"start":{"line":42,"column":0},"end":{"line":46,"column":1}}]},"17":{"type":"branch","line":45,"loc":{"start":{"line":45,"column":21},"end":{"line":45,"column":33}},"locations":[{"start":{"line":45,"column":21},"end":{"line":45,"column":33}}]},"18":{"type":"branch","line":45,"loc":{"start":{"line":45,"column":35},"end":{"line":45,"column":66}},"locations":[{"start":{"line":45,"column":35},"end":{"line":45,"column":66}}]},"19":{"type":"branch","line":45,"loc":{"start":{"line":45,"column":67},"end":{"line":45,"column":70}},"locations":[{"start":{"line":45,"column":67},"end":{"line":45,"column":70}}]},"20":{"type":"branch","line":48,"loc":{"start":{"line":48,"column":0},"end":{"line":67,"column":1}},"locations":[{"start":{"line":48,"column":0},"end":{"line":67,"column":1}}]},"21":{"type":"branch","line":64,"loc":{"start":{"line":64,"column":4},"end":{"line":66,"column":3}},"locations":[{"start":{"line":64,"column":4},"end":{"line":66,"column":3}}]}},"b":{"0":[9],"1":[3],"2":[9],"3":[7],"4":[2],"5":[9],"6":[5],"7":[4],"8":[9],"9":[9],"10":[20],"11":[13],"12":[7],"13":[9],"14":[6],"15":[3],"16":[9],"17":[1],"18":[1],"19":[8],"20":[9],"21":[0]},"fnMap":{"0":{"name":"alphaNumericRetailerPoints","decl":{"start":{"line":11,"column":0},"end":{"line":14,"column":1}},"loc":{"start":{"line":11,"column":0},"end":{"line":14,"column":1}},"line":11},"1":{"name":"roundTotalPoints","decl":{"start":{"line":16,"column":0},"end":{"line":18,"column":1}},"loc":{"start":{"line":16,"column":0},"end":{"line":18,"column":1}},"line":16},"2":{"name":"multipleOfP25Points","decl":{"start":{"line":20,"column":0},"end":{"line":22,"column":1}},"loc":{"start":{"line":20,"column":0},"end":{"line":22,"column":1}},"line":20},"3":{"name":"itemPairsPoints","decl":{"start":{"line":24,"column":0},"end":{"line":26,"column":1}},"loc":{"start":{"line":24,"column":0},"end":{"line":26,"column":1}},"line":24},"4":{"name":"itemDescriptionPoints","decl":{"start":{"line":28,"column":0},"end":{"line":34,"column":1}},"loc":{"start":{"line":28,"column":0},"end":{"line":34,"column":1}},"line":28},"5":{"name":"oddDatePoints","decl":{"start":{"line":36,"column":0},"end":{"line":40,"column":1}},"loc":{"start":{"line":36,"column":0},"end":{"line":40,"column":1}},"line":36},"6":{"name":"timeBetween2And4Points","decl":{"start":{"line":42,"column":0},"end":{"line":46,"column":1}},"loc":{"start":{"line":42,"column":0},"end":{"line":46,"column":1}},"line":42},"7":{"name":"calculatePoints","decl":{"start":{"line":48,"column":0},"end":{"line":67,"column":1}},"loc":{"start":{"line":48,"column":0},"end":{"line":67,"column":1}},"line":48}},"f":{"0":9,"1":9,"2":9,"3":9,"4":9,"5":9,"6":9,"7":9}}
,"/home/mhung/projects/receipt-processor-challenge/validators.js": {"path":"/home/mhung/projects/receipt-processor-challenge/validators.js","all":false,"statementMap":{"0":{"start":{"line":1,"column":0},"end":{"line":1,"column":35}},"1":{"start":{"line":2,"column":0},"end":{"line":2,"column":88}},"2":{"start":{"line":3,"column":0},"end":{"line":3,"column":39}},"3":{"start":{"line":4,"column":0},"end":{"line":4,"column":26}},"4":{"start":{"line":5,"column":0},"end":{"line":5,"column":47}},"5":{"start":{"line":6,"column":0},"end":{"line":6,"column":5}},"6":{"start":{"line":7,"column":0},"end":{"line":7,"column":3}},"8":{"start":{"line":9,"column":0},"end":{"line":9,"column":22}},"9":{"start":{"line":10,"column":0},"end":{"line":10,"column":48}},"10":{"start":{"line":11,"column":0},"end":{"line":11,"column":42}},"11":{"start":{"line":12,"column":0},"end":{"line":12,"column":3}},"13":{"start":{"line":14,"column":0},"end":{"line":14,"column":40}},"14":{"start":{"line":15,"column":0},"end":{"line":15,"column":59}},"15":{"start":{"line":16,"column":0},"end":{"line":16,"column":42}},"16":{"start":{"line":17,"column":0},"end":{"line":17,"column":3}},"18":{"start":{"line":19,"column":0},"end":{"line":19,"column":35}},"19":{"start":{"line":20,"column":0},"end":{"line":20,"column":67}},"20":{"start":{"line":21,"column":0},"end":{"line":21,"column":42}},"21":{"start":{"line":22,"column":0},"end":{"line":22,"column":3}},"23":{"start":{"line":24,"column":0},"end":{"line":24,"column":25}},"24":{"start":{"line":25,"column":0},"end":{"line":25,"column":68}},"25":{"start":{"line":26,"column":0},"end":{"line":26,"column":45}},"26":{"start":{"line":27,"column":0},"end":{"line":27,"column":3}},"28":{"start":{"line":29,"column":0},"end":{"line":29,"column":19}},"29":{"start":{"line":30,"column":0},"end":{"line":30,"column":45}},"30":{"start":{"line":31,"column":0},"end":{"line":31,"column":34}},"31":{"start":{"line":32,"column":0},"end":{"line":32,"column":3}},"33":{"start":{"line":34,"column":0},"end":{"line":34,"column":23}},"34":{"start":{"line":35,"column":0},"end":{"line":35,"column":37}},"35":{"start":{"line":36,"column":0},"end":{"line":36,"column":48}},"36":{"start":{"line":37,"column":0},"end":{"line":37,"column":92}},"37":{"start":{"line":38,"column":0},"end":{"line":38,"column":5}},"38":{"start":{"line":39,"column":0},"end":{"line":39,"column":53}},"39":{"start":{"line":40,"column":0},"end":{"line":40,"column":51}},"40":{"start":{"line":41,"column":0},"end":{"line":41,"column":5}},"41":{"start":{"line":42,"column":0},"end":{"line":42,"column":44}},"42":{"start":{"line":43,"column":0},"end":{"line":43,"column":45}},"43":{"start":{"line":44,"column":0},"end":{"line":44,"column":5}},"44":{"start":{"line":45,"column":0},"end":{"line":45,"column":3}},"46":{"start":{"line":47,"column":0},"end":{"line":47,"column":14}},"47":{"start":{"line":48,"column":0},"end":{"line":48,"column":1}}},"s":{"0":17,"1":17,"2":17,"3":78,"4":2,"5":2,"6":78,"8":15,"9":17,"10":2,"11":2,"13":13,"14":17,"15":1,"16":1,"18":12,"19":17,"20":1,"21":1,"23":11,"24":17,"25":1,"26":1,"28":10,"29":17,"30":1,"31":1,"33":9,"34":11,"35":17,"36":1,"37":1,"38":17,"39":1,"40":1,"41":17,"42":1,"43":1,"44":17,"46":6,"47":6},"branchMap":{"0":{"type":"branch","line":1,"loc":{"start":{"line":1,"column":0},"end":{"line":48,"column":1}},"locations":[{"start":{"line":1,"column":0},"end":{"line":48,"column":1}}]},"1":{"type":"branch","line":3,"loc":{"start":{"line":3,"column":38},"end":{"line":7,"column":3}},"locations":[{"start":{"line":3,"column":38},"end":{"line":7,"column":3}}]},"2":{"type":"branch","line":4,"loc":{"start":{"line":4,"column":25},"end":{"line":6,"column":5}},"locations":[{"start":{"line":4,"column":25},"end":{"line":6,"column":5}}]},"3":{"type":"branch","line":7,"loc":{"start":{"line":7,"column":2},"end":{"line":10,"column":47}},"locations":[{"start":{"line":7,"column":2},"end":{"line":10,"column":47}}]},"4":{"type":"branch","line":10,"loc":{"start":{"line":10,"column":47},"end":{"line":12,"column":3}},"locations":[{"start":{"line":10,"column":47},"end":{"line":12,"column":3}}]},"5":{"type":"branch","line":12,"loc":{"start":{"line":12,"column":2},"end":{"line":15,"column":58}},"locations":[{"start":{"line":12,"column":2},"end":{"line":15,"column":58}}]},"6":{"type":"branch","line":15,"loc":{"start":{"line":15,"column":58},"end":{"line":17,"column":3}},"locations":[{"start":{"line":15,"column":58},"end":{"line":17,"column":3}}]},"7":{"type":"branch","line":17,"loc":{"start":{"line":17,"column":2},"end":{"line":20,"column":66}},"locations":[{"start":{"line":17,"column":2},"end":{"line":20,"column":66}}]},"8":{"type":"branch","line":20,"loc":{"start":{"line":20,"column":66},"end":{"line":22,"column":3}},"locations":[{"start":{"line":20,"column":66},"end":{"line":22,"column":3}}]},"9":{"type":"branch","line":22,"loc":{"start":{"line":22,"column":2},"end":{"line":25,"column":65}},"locations":[{"start":{"line":22,"column":2},"end":{"line":25,"column":65}}]},"10":{"type":"branch","line":25,"loc":{"start":{"line":25,"column":67},"end":{"line":27,"column":3}},"locations":[{"start":{"line":25,"column":67},"end":{"line":27,"column":3}}]},"11":{"type":"branch","line":27,"loc":{"start":{"line":27,"column":2},"end":{"line":30,"column":44}},"locations":[{"start":{"line":27,"column":2},"end":{"line":30,"column":44}}]},"12":{"type":"branch","line":30,"loc":{"start":{"line":30,"column":44},"end":{"line":32,"column":3}},"locations":[{"start":{"line":30,"column":44},"end":{"line":32,"column":3}}]},"13":{"type":"branch","line":32,"loc":{"start":{"line":32,"column":2},"end":{"line":45,"column":3}},"locations":[{"start":{"line":32,"column":2},"end":{"line":45,"column":3}}]},"14":{"type":"branch","line":32,"loc":{"start":{"line":32,"column":2},"end":{"line":35,"column":36}},"locations":[{"start":{"line":32,"column":2},"end":{"line":35,"column":36}}]},"15":{"type":"branch","line":35,"loc":{"start":{"line":35,"column":36},"end":{"line":45,"column":3}},"locations":[{"start":{"line":35,"column":36},"end":{"line":45,"column":3}}]},"16":{"type":"branch","line":36,"loc":{"start":{"line":36,"column":47},"end":{"line":38,"column":5}},"locations":[{"start":{"line":36,"column":47},"end":{"line":38,"column":5}}]},"17":{"type":"branch","line":38,"loc":{"start":{"line":38,"column":4},"end":{"line":39,"column":52}},"locations":[{"start":{"line":38,"column":4},"end":{"line":39,"column":52}}]},"18":{"type":"branch","line":39,"loc":{"start":{"line":39,"column":52},"end":{"line":41,"column":5}},"locations":[{"start":{"line":39,"column":52},"end":{"line":41,"column":5}}]},"19":{"type":"branch","line":41,"loc":{"start":{"line":41,"column":4},"end":{"line":42,"column":43}},"locations":[{"start":{"line":41,"column":4},"end":{"line":42,"column":43}}]},"20":{"type":"branch","line":42,"loc":{"start":{"line":42,"column":43},"end":{"line":44,"column":5}},"locations":[{"start":{"line":42,"column":43},"end":{"line":44,"column":5}}]},"21":{"type":"branch","line":45,"loc":{"start":{"line":45,"column":2},"end":{"line":48,"column":1}},"locations":[{"start":{"line":45,"column":2},"end":{"line":48,"column":1}}]}},"b":{"0":[17],"1":[78],"2":[2],"3":[15],"4":[2],"5":[13],"6":[1],"7":[12],"8":[1],"9":[11],"10":[1],"11":[10],"12":[1],"13":[11],"14":[9],"15":[17],"16":[1],"17":[16],"18":[1],"19":[15],"20":[1],"21":[6]},"fnMap":{"0":{"name":"validateReceipt","decl":{"start":{"line":1,"column":0},"end":{"line":48,"column":1}},"loc":{"start":{"line":1,"column":0},"end":{"line":48,"column":1}},"line":1}},"f":{"0":17}}
}
